#
# There is insufficient memory for the Java Runtime Environment to continue.
# Native memory allocation (malloc) failed to allocate 197136 bytes for Chunk::new
# Possible reasons:
#   The system is out of physical RAM or swap space
#   The process is running with CompressedOops enabled, and the Java Heap may be blocking the growth of the native heap
# Possible solutions:
#   Reduce memory load on the system
#   Increase physical memory or swap space
#   Check if swap backing store is full
#   Decrease Java heap size (-Xmx/-Xms)
#   Decrease number of Java threads
#   Decrease Java thread stack sizes (-Xss)
#   Set larger code cache with -XX:ReservedCodeCacheSize=
#   JVM is running with Zero Based Compressed Oops mode in which the Java heap is
#     placed in the first 32GB address space. The Java Heap base address is the
#     maximum limit for the native heap growth. Please use -XX:HeapBaseMinAddress
#     to set the Java Heap base and to place the Java Heap above 32GB virtual address.
# This output file may be truncated or incomplete.
#
#  Out of Memory Error (arena.cpp:189), pid=11876, tid=19192
#
# JRE version: Java(TM) SE Runtime Environment (17.0.12+8) (build 17.0.12+8-LTS-286)
# Java VM: Java HotSpot(TM) 64-Bit Server VM (17.0.12+8-LTS-286, mixed mode, sharing, tiered, compressed oops, compressed class ptrs, g1 gc, windows-amd64)
# No core dump will be written. Minidumps are not enabled by default on client versions of Windows
#

---------------  S U M M A R Y ------------

Command Line: -javaagent:D:\itelij\IntelliJ IDEA 2024.3.6\lib\idea_rt.jar=59829 -Dfile.encoding=UTF-8 com.example.phongvupcbe.PhongVuPcBeApplication

Host: Intel(R) Core(TM) i7-6820HQ CPU @ 2.70GHz, 8 cores, 15G,  Windows 10 , 64 bit Build 19041 (10.0.19041.5915)
Time: Wed Jan 21 03:37:08 2026 SE Asia Standard Time elapsed time: 267.466669 seconds (0d 0h 4m 27s)

---------------  T H R E A D  ---------------

Current thread (0x000002455a671460):  JavaThread "C2 CompilerThread0" daemon [_thread_in_native, id=19192, stack(0x000000a190000000,0x000000a190100000)]


Current CompileTask:
C2: 267466 10061       4       jdk.internal.org.objectweb.asm.MethodWriter::putMethodInfo (1274 bytes)

Stack: [0x000000a190000000,0x000000a190100000]
Native frames: (J=compiled Java code, j=interpreted, Vv=VM code, C=native code)
V  [jvm.dll+0x67a04a]
V  [jvm.dll+0x7da4ed]
V  [jvm.dll+0x7dbe33]
V  [jvm.dll+0x7dc4a3]
V  [jvm.dll+0x24508f]
V  [jvm.dll+0xab773]
V  [jvm.dll+0xabd3c]
V  [jvm.dll+0x361bee]
V  [jvm.dll+0x1ba0e4]
V  [jvm.dll+0x216997]
V  [jvm.dll+0x215c6f]
V  [jvm.dll+0x1a2960]
V  [jvm.dll+0x22610b]
V  [jvm.dll+0x2242ab]
V  [jvm.dll+0x79075c]
V  [jvm.dll+0x78abea]
V  [jvm.dll+0x678f35]
C  [ucrtbase.dll+0x21bb2]
C  [KERNEL32.DLL+0x17374]
C  [ntdll.dll+0x4cc91]


---------------  P R O C E S S  ---------------

Threads class SMR info:
_java_thread_list=0x00000245a5773750, length=42, elements={
0x000002455a659b80, 0x000002455a65a910, 0x000002455a66ac10, 0x000002455a66e600,
0x000002455a66eed0, 0x000002455a66f7a0, 0x000002455a671460, 0x000002455a671e20,
0x000002455a6772c0, 0x000002455aafb720, 0x00000245a0116a20, 0x00000245a0116f00,
0x00000245a166f670, 0x00000245a15b8830, 0x00000245a1e678c0, 0x00000245a1e6ab90,
0x00000245a1fa4260, 0x00000245a1fa2910, 0x00000245a3948f10, 0x00000245a3949420,
0x00000245a39475c0, 0x00000245a39484f0, 0x00000245a3947ad0, 0x00000245a394a860,
0x00000245a3945760, 0x00000245a3945c70, 0x00000245a3947fe0, 0x00000245a3946690,
0x00000245a394ad70, 0x00000245a3944830, 0x00000245a3946ba0, 0x00000245a394b280,
0x00000245a3948a00, 0x00000245a394b790, 0x00000245a3944320, 0x00000245a394bca0,
0x00000245a1fa2e20, 0x00000245a1864f50, 0x00000245a18677d0, 0x00000245a1866db0,
0x00000245a18672c0, 0x00000245a1801a10
}

Java Threads: ( => current thread )
  0x000002455a659b80 JavaThread "Reference Handler" daemon [_thread_blocked, id=24228, stack(0x000000a18fa00000,0x000000a18fb00000)]
  0x000002455a65a910 JavaThread "Finalizer" daemon [_thread_blocked, id=13692, stack(0x000000a18fb00000,0x000000a18fc00000)]
  0x000002455a66ac10 JavaThread "Signal Dispatcher" daemon [_thread_blocked, id=24884, stack(0x000000a18fc00000,0x000000a18fd00000)]
  0x000002455a66e600 JavaThread "Attach Listener" daemon [_thread_blocked, id=23532, stack(0x000000a18fd00000,0x000000a18fe00000)]
  0x000002455a66eed0 JavaThread "Service Thread" daemon [_thread_blocked, id=6668, stack(0x000000a18fe00000,0x000000a18ff00000)]
  0x000002455a66f7a0 JavaThread "Monitor Deflation Thread" daemon [_thread_blocked, id=17736, stack(0x000000a18ff00000,0x000000a190000000)]
=>0x000002455a671460 JavaThread "C2 CompilerThread0" daemon [_thread_in_native, id=19192, stack(0x000000a190000000,0x000000a190100000)]
  0x000002455a671e20 JavaThread "C1 CompilerThread0" daemon [_thread_blocked, id=25136, stack(0x000000a190100000,0x000000a190200000)]
  0x000002455a6772c0 JavaThread "Sweeper thread" daemon [_thread_blocked, id=18028, stack(0x000000a190200000,0x000000a190300000)]
  0x000002455aafb720 JavaThread "Common-Cleaner" daemon [_thread_blocked, id=14904, stack(0x000000a190300000,0x000000a190400000)]
  0x00000245a0116a20 JavaThread "Monitor Ctrl-Break" daemon [_thread_in_native, id=17376, stack(0x000000a190500000,0x000000a190600000)]
  0x00000245a0116f00 JavaThread "Notification Thread" daemon [_thread_blocked, id=13612, stack(0x000000a190600000,0x000000a190700000)]
  0x00000245a166f670 JavaThread "RMI TCP Accept-0" daemon [_thread_in_native, id=22348, stack(0x000000a190900000,0x000000a190a00000)]
  0x00000245a15b8830 JavaThread "RMI TCP Connection(1)-192.168.1.50" daemon [_thread_in_native, id=6280, stack(0x000000a191200000,0x000000a191300000)]
  0x00000245a1e678c0 JavaThread "RMI Scheduler(0)" daemon [_thread_blocked, id=18008, stack(0x000000a191300000,0x000000a191400000)]
  0x00000245a1e6ab90 JavaThread "JMX server connection timeout 20" daemon [_thread_blocked, id=4972, stack(0x000000a191400000,0x000000a191500000)]
  0x00000245a1fa4260 JavaThread "Catalina-utility-1" [_thread_blocked, id=20420, stack(0x000000a191700000,0x000000a191800000)]
  0x00000245a1fa2910 JavaThread "Catalina-utility-2" [_thread_blocked, id=11932, stack(0x000000a191900000,0x000000a191a00000)]
  0x00000245a3948f10 JavaThread "container-0" [_thread_blocked, id=25568, stack(0x000000a191a00000,0x000000a191b00000)]
  0x00000245a3949420 JavaThread "mssql-jdbc-shared-timer-core-0" daemon [_thread_blocked, id=18780, stack(0x000000a191c00000,0x000000a191d00000)]
  0x00000245a39475c0 JavaThread "HikariPool-1:housekeeper" daemon [_thread_blocked, id=10544, stack(0x000000a191d00000,0x000000a191e00000)]
  0x00000245a39484f0 JavaThread "pool-3-thread-1" daemon [_thread_blocked, id=20652, stack(0x000000a190800000,0x000000a190900000)]
  0x00000245a3947ad0 JavaThread "File Watcher" daemon [_thread_blocked, id=22548, stack(0x000000a192000000,0x000000a192100000)]
  0x00000245a394a860 JavaThread "Live Reload Server" daemon [_thread_in_native, id=17188, stack(0x000000a192200000,0x000000a192300000)]
  0x00000245a3945760 JavaThread "http-nio-8080-exec-1" daemon [_thread_blocked, id=8036, stack(0x000000a192100000,0x000000a192200000)]
  0x00000245a3945c70 JavaThread "http-nio-8080-exec-2" daemon [_thread_blocked, id=9968, stack(0x000000a192300000,0x000000a192400000)]
  0x00000245a3947fe0 JavaThread "http-nio-8080-exec-3" daemon [_thread_blocked, id=4220, stack(0x000000a192400000,0x000000a192500000)]
  0x00000245a3946690 JavaThread "http-nio-8080-exec-4" daemon [_thread_blocked, id=3972, stack(0x000000a192500000,0x000000a192600000)]
  0x00000245a394ad70 JavaThread "http-nio-8080-exec-5" daemon [_thread_blocked, id=11380, stack(0x000000a192600000,0x000000a192700000)]
  0x00000245a3944830 JavaThread "http-nio-8080-exec-6" daemon [_thread_blocked, id=18344, stack(0x000000a192700000,0x000000a192800000)]
  0x00000245a3946ba0 JavaThread "http-nio-8080-exec-7" daemon [_thread_blocked, id=14128, stack(0x000000a192800000,0x000000a192900000)]
  0x00000245a394b280 JavaThread "http-nio-8080-exec-8" daemon [_thread_blocked, id=20068, stack(0x000000a192900000,0x000000a192a00000)]
  0x00000245a3948a00 JavaThread "http-nio-8080-exec-9" daemon [_thread_in_native, id=15760, stack(0x000000a192a00000,0x000000a192b00000)]
  0x00000245a394b790 JavaThread "http-nio-8080-exec-10" daemon [_thread_blocked, id=2848, stack(0x000000a192b00000,0x000000a192c00000)]
  0x00000245a3944320 JavaThread "http-nio-8080-Poller" daemon [_thread_in_native, id=25012, stack(0x000000a192c00000,0x000000a192d00000)]
  0x00000245a394bca0 JavaThread "http-nio-8080-Acceptor" daemon [_thread_in_native, id=23800, stack(0x000000a192d00000,0x000000a192e00000)]
  0x00000245a1fa2e20 JavaThread "DestroyJavaVM" [_thread_blocked, id=11056, stack(0x000000a18f300000,0x000000a18f400000)]
  0x00000245a1864f50 JavaThread "HikariPool-1:connection-closer" daemon [_thread_blocked, id=18224, stack(0x000000a18f100000,0x000000a18f200000)]
  0x00000245a18677d0 JavaThread "HikariPool-1:connection-adder" daemon [_thread_blocked, id=15968, stack(0x000000a18f200000,0x000000a18f300000)]
  0x00000245a1866db0 JavaThread "pool-2-thread-1" [_thread_blocked, id=20680, stack(0x000000a190400000,0x000000a190500000)]
  0x00000245a18672c0 JavaThread "pool-2-thread-2" [_thread_blocked, id=18164, stack(0x000000a191500000,0x000000a191600000)]
  0x00000245a1801a10 JavaThread "C2 CompilerThread1" daemon [_thread_blocked, id=13388, stack(0x000000a191600000,0x000000a191700000)]

Other Threads:
  0x000002455a655600 VMThread "VM Thread" [stack: 0x000000a18f900000,0x000000a18fa00000] [id=21960]
  0x000002453752be20 WatcherThread [stack: 0x000000a190700000,0x000000a190800000] [id=2216]
  0x0000024537511df0 GCTaskThread "GC Thread#0" [stack: 0x000000a18f400000,0x000000a18f500000] [id=8868]
  0x00000245a0e16cb0 GCTaskThread "GC Thread#1" [stack: 0x000000a190a00000,0x000000a190b00000] [id=9096]
  0x00000245a07ccd60 GCTaskThread "GC Thread#2" [stack: 0x000000a190b00000,0x000000a190c00000] [id=18116]
  0x00000245a10277f0 GCTaskThread "GC Thread#3" [stack: 0x000000a190c00000,0x000000a190d00000] [id=16896]
  0x00000245a06e8d50 GCTaskThread "GC Thread#4" [stack: 0x000000a190d00000,0x000000a190e00000] [id=17404]
  0x00000245a06cb1f0 GCTaskThread "GC Thread#5" [stack: 0x000000a190e00000,0x000000a190f00000] [id=14288]
  0x00000245a19e5d50 GCTaskThread "GC Thread#6" [stack: 0x000000a190f00000,0x000000a191000000] [id=6072]
  0x00000245a19e6c30 GCTaskThread "GC Thread#7" [stack: 0x000000a191000000,0x000000a191100000] [id=9512]
  0x0000024537523a20 ConcurrentGCThread "G1 Main Marker" [stack: 0x000000a18f500000,0x000000a18f600000] [id=24264]
  0x0000024537525f60 ConcurrentGCThread "G1 Conc#0" [stack: 0x000000a18f600000,0x000000a18f700000] [id=12368]
  0x00000245a2ce09b0 ConcurrentGCThread "G1 Conc#1" [stack: 0x000000a191800000,0x000000a191900000] [id=14264]
  0x000002455a58f3c0 ConcurrentGCThread "G1 Refine#0" [stack: 0x000000a18f700000,0x000000a18f800000] [id=22460]
  0x00000245a0512310 ConcurrentGCThread "G1 Refine#1" [stack: 0x000000a191100000,0x000000a191200000] [id=23184]
  0x000002455a58faa0 ConcurrentGCThread "G1 Service" [stack: 0x000000a18f800000,0x000000a18f900000] [id=20992]

Threads with active compile tasks:
C2 CompilerThread0   267502 10061       4       jdk.internal.org.objectweb.asm.MethodWriter::putMethodInfo (1274 bytes)

VM state: not at safepoint (normal execution)

VM Mutex/Monitor currently owned by a thread: None

Heap address: 0x0000000702400000, size: 4060 MB, Compressed Oops mode: Zero based, Oop shift amount: 3

CDS archive(s) mapped at: [0x000002455b000000-0x000002455bbd0000-0x000002455bbd0000), size 12386304, SharedBaseAddress: 0x000002455b000000, ArchiveRelocationMode: 1.
Compressed class space mapped at: 0x000002455c000000-0x000002459c000000, reserved size: 1073741824
Narrow klass base: 0x000002455b000000, Narrow klass shift: 0, Narrow klass range: 0x100000000

GC Precious Log:
 CPUs: 8 total, 8 available
 Memory: 16232M
 Large Page Support: Disabled
 NUMA Support: Disabled
 Compressed Oops: Enabled (Zero based)
 Heap Region Size: 2M
 Heap Min Capacity: 8M
 Heap Initial Capacity: 254M
 Heap Max Capacity: 4060M
 Pre-touch: Disabled
 Parallel Workers: 8
 Concurrent Workers: 2
 Concurrent Refinement Workers: 8
 Periodic GC: Disabled

Heap:
 garbage-first heap   total 96256K, used 39864K [0x0000000702400000, 0x0000000800000000)
  region size 2048K, 4 young (8192K), 3 survivors (6144K)
 Metaspace       used 85392K, committed 86144K, reserved 1179648K
  class space    used 11460K, committed 11840K, reserved 1048576K

Heap Regions: E=young(eden), S=young(survivor), O=old, HS=humongous(starts), HC=humongous(continues), CS=collection set, F=free, OA=open archive, CA=closed archive, TAMS=top-at-mark-start (previous, next)
|   0|0x0000000702400000, 0x0000000702600000, 0x0000000702600000|100%| O|  |TAMS 0x0000000702600000, 0x0000000702400000| Untracked 
|   1|0x0000000702600000, 0x0000000702800000, 0x0000000702800000|100%| O|  |TAMS 0x0000000702800000, 0x0000000702600000| Untracked 
|   2|0x0000000702800000, 0x0000000702a00000, 0x0000000702a00000|100%| O|  |TAMS 0x0000000702a00000, 0x0000000702800000| Untracked 
|   3|0x0000000702a00000, 0x0000000702c00000, 0x0000000702c00000|100%| O|  |TAMS 0x0000000702c00000, 0x0000000702a00000| Untracked 
|   4|0x0000000702c00000, 0x0000000702e00000, 0x0000000702e00000|100%| O|  |TAMS 0x0000000702e00000, 0x0000000702c00000| Untracked 
|   5|0x0000000702e00000, 0x0000000703000000, 0x0000000703000000|100%| O|  |TAMS 0x0000000703000000, 0x0000000702e00000| Untracked 
|   6|0x0000000703000000, 0x0000000703200000, 0x0000000703200000|100%| O|  |TAMS 0x0000000703200000, 0x0000000703000000| Untracked 
|   7|0x0000000703200000, 0x0000000703400000, 0x0000000703400000|100%| O|  |TAMS 0x0000000703400000, 0x0000000703200000| Untracked 
|   8|0x0000000703400000, 0x0000000703600000, 0x0000000703600000|100%| O|  |TAMS 0x0000000703600000, 0x0000000703400000| Untracked 
|   9|0x0000000703600000, 0x0000000703800000, 0x0000000703800000|100%| O|  |TAMS 0x0000000703600000, 0x0000000703600000| Untracked 
|  10|0x0000000703800000, 0x0000000703a00000, 0x0000000703a00000|100%| O|  |TAMS 0x0000000703a00000, 0x0000000703800000| Untracked 
|  11|0x0000000703a00000, 0x0000000703c00000, 0x0000000703c00000|100%| O|  |TAMS 0x0000000703c00000, 0x0000000703a00000| Untracked 
|  12|0x0000000703c00000, 0x0000000703e00000, 0x0000000703e00000|100%| O|  |TAMS 0x0000000703e00000, 0x0000000703c00000| Untracked 
|  13|0x0000000703e00000, 0x0000000704000000, 0x0000000704000000|100%| O|  |TAMS 0x0000000704000000, 0x0000000703e00000| Untracked 
|  14|0x0000000704000000, 0x0000000704200000, 0x0000000704200000|100%| O|  |TAMS 0x00000007040c7200, 0x0000000704000000| Untracked 
|  15|0x0000000704200000, 0x0000000704400000, 0x0000000704400000|100%| O|  |TAMS 0x0000000704200000, 0x0000000704200000| Untracked 
|  16|0x0000000704400000, 0x0000000704600000, 0x0000000704600000|100%| O|  |TAMS 0x0000000704400000, 0x0000000704400000| Untracked 
|  17|0x0000000704600000, 0x000000070461a400, 0x0000000704800000|  5%| O|  |TAMS 0x0000000704600000, 0x0000000704600000| Untracked 
|  18|0x0000000704800000, 0x0000000704800000, 0x0000000704a00000|  0%| F|  |TAMS 0x0000000704800000, 0x0000000704800000| Untracked 
|  19|0x0000000704a00000, 0x0000000704a00000, 0x0000000704c00000|  0%| F|  |TAMS 0x0000000704a00000, 0x0000000704a00000| Untracked 
|  20|0x0000000704c00000, 0x0000000704c00000, 0x0000000704e00000|  0%| F|  |TAMS 0x0000000704c00000, 0x0000000704c00000| Untracked 
|  21|0x0000000704e00000, 0x0000000704e00000, 0x0000000705000000|  0%| F|  |TAMS 0x0000000704e00000, 0x0000000704e00000| Untracked 
|  22|0x0000000705000000, 0x0000000705000000, 0x0000000705200000|  0%| F|  |TAMS 0x0000000705000000, 0x0000000705000000| Untracked 
|  23|0x0000000705200000, 0x00000007052d3c70, 0x0000000705400000| 41%| S|CS|TAMS 0x0000000705200000, 0x0000000705200000| Complete 
|  24|0x0000000705400000, 0x0000000705600000, 0x0000000705600000|100%| S|CS|TAMS 0x0000000705400000, 0x0000000705400000| Complete 
|  25|0x0000000705600000, 0x0000000705600000, 0x0000000705800000|  0%| F|  |TAMS 0x0000000705600000, 0x0000000705600000| Untracked 
|  26|0x0000000705800000, 0x0000000705a00000, 0x0000000705a00000|100%| S|CS|TAMS 0x0000000705800000, 0x0000000705800000| Complete 
|  27|0x0000000705a00000, 0x0000000705a00000, 0x0000000705c00000|  0%| F|  |TAMS 0x0000000705a00000, 0x0000000705a00000| Untracked 
|  28|0x0000000705c00000, 0x0000000705c00000, 0x0000000705e00000|  0%| F|  |TAMS 0x0000000705c00000, 0x0000000705c00000| Untracked 
|  29|0x0000000705e00000, 0x0000000705e00000, 0x0000000706000000|  0%| F|  |TAMS 0x0000000705e00000, 0x0000000705e00000| Untracked 
|  30|0x0000000706000000, 0x0000000706000000, 0x0000000706200000|  0%| F|  |TAMS 0x0000000706000000, 0x0000000706000000| Untracked 
|  31|0x0000000706200000, 0x0000000706200000, 0x0000000706400000|  0%| F|  |TAMS 0x0000000706200000, 0x0000000706200000| Untracked 
|  32|0x0000000706400000, 0x0000000706400000, 0x0000000706600000|  0%| F|  |TAMS 0x0000000706400000, 0x0000000706400000| Untracked 
|  33|0x0000000706600000, 0x0000000706600000, 0x0000000706800000|  0%| F|  |TAMS 0x0000000706600000, 0x0000000706600000| Untracked 
|  34|0x0000000706800000, 0x0000000706800000, 0x0000000706a00000|  0%| F|  |TAMS 0x0000000706800000, 0x0000000706800000| Untracked 
|  35|0x0000000706a00000, 0x0000000706a00000, 0x0000000706c00000|  0%| F|  |TAMS 0x0000000706a00000, 0x0000000706a00000| Untracked 
|  36|0x0000000706c00000, 0x0000000706c00000, 0x0000000706e00000|  0%| F|  |TAMS 0x0000000706c00000, 0x0000000706c00000| Untracked 
|  37|0x0000000706e00000, 0x0000000706e00000, 0x0000000707000000|  0%| F|  |TAMS 0x0000000706e00000, 0x0000000706e00000| Untracked 
|  38|0x0000000707000000, 0x0000000707000000, 0x0000000707200000|  0%| F|  |TAMS 0x0000000707000000, 0x0000000707000000| Untracked 
|  39|0x0000000707200000, 0x0000000707200000, 0x0000000707400000|  0%| F|  |TAMS 0x0000000707200000, 0x0000000707200000| Untracked 
|  40|0x0000000707400000, 0x0000000707400000, 0x0000000707600000|  0%| F|  |TAMS 0x0000000707400000, 0x0000000707400000| Untracked 
|  41|0x0000000707600000, 0x0000000707600000, 0x0000000707800000|  0%| F|  |TAMS 0x0000000707600000, 0x0000000707600000| Untracked 
|  42|0x0000000707800000, 0x0000000707800000, 0x0000000707a00000|  0%| F|  |TAMS 0x0000000707800000, 0x0000000707800000| Untracked 
|  53|0x0000000708e00000, 0x0000000708e00000, 0x0000000709000000|  0%| F|  |TAMS 0x0000000708e00000, 0x0000000708e00000| Untracked 
|  54|0x0000000709000000, 0x0000000709000000, 0x0000000709200000|  0%| F|  |TAMS 0x0000000709000000, 0x0000000709000000| Untracked 
|  55|0x0000000709200000, 0x0000000709200000, 0x0000000709400000|  0%| F|  |TAMS 0x0000000709200000, 0x0000000709200000| Untracked 
| 126|0x0000000712000000, 0x000000071207fcc8, 0x0000000712200000| 24%| E|  |TAMS 0x0000000712000000, 0x0000000712000000| Complete 

Card table byte_map: [0x000002454f000000,0x000002454f7f0000] _byte_map_base: 0x000002454b7ee000

Marking Bits (Prev, Next): (CMBitMap*) 0x0000024537513330, (CMBitMap*) 0x0000024537513370
 Prev Bits: [0x000002454ffe0000, 0x0000024553f50000)
 Next Bits: [0x0000024553f50000, 0x0000024557ec0000)

Polling page: 0x0000024537550000

Metaspace:

Usage:
  Non-class:     72.20 MB used.
      Class:     11.19 MB used.
       Both:     83.39 MB used.

Virtual space:
  Non-class space:      128.00 MB reserved,      72.56 MB ( 57%) committed,  2 nodes.
      Class space:        1.00 GB reserved,      11.56 MB (  1%) committed,  1 nodes.
             Both:        1.12 GB reserved,      84.12 MB (  7%) committed. 

Chunk freelists:
   Non-Class:  7.01 MB
       Class:  4.35 MB
        Both:  11.36 MB

MaxMetaspaceSize: unlimited
CompressedClassSpaceSize: 1.00 GB
Initial GC threshold: 21.00 MB
Current GC threshold: 112.19 MB
CDS: on
MetaspaceReclaimPolicy: balanced
 - commit_granule_bytes: 65536.
 - commit_granule_words: 8192.
 - virtual_space_node_default_size: 8388608.
 - enlarge_chunks_in_place: 1.
 - new_chunks_are_fully_committed: 0.
 - uncommit_free_chunks: 1.
 - use_allocation_guard: 0.
 - handle_deallocations: 1.


Internal statistics:

num_allocs_failed_limit: 14.
num_arena_births: 1162.
num_arena_deaths: 0.
num_vsnodes_births: 3.
num_vsnodes_deaths: 0.
num_space_committed: 1347.
num_space_uncommitted: 0.
num_chunks_returned_to_freelist: 14.
num_chunks_taken_from_freelist: 4320.
num_chunk_merges: 8.
num_chunk_splits: 2976.
num_chunks_enlarged: 2200.
num_inconsistent_stats: 0.

CodeHeap 'non-profiled nmethods': size=120000Kb used=6084Kb max_used=6084Kb free=113916Kb
 bounds [0x0000024546870000, 0x0000024546e70000, 0x000002454dda0000]
CodeHeap 'profiled nmethods': size=120000Kb used=17822Kb max_used=17822Kb free=102177Kb
 bounds [0x000002453eda0000, 0x000002453ff10000, 0x00000245462d0000]
CodeHeap 'non-nmethods': size=5760Kb used=1407Kb max_used=1504Kb free=4352Kb
 bounds [0x00000245462d0000, 0x0000024546540000, 0x0000024546870000]
 total_blobs=10081 nmethods=9337 adapters=655
 compilation: enabled
              stopped_count=0, restarted_count=0
 full_count=0

Compilation events (20 events):
Event: 267.442 Thread 0x000002455a671e20 10070       1       java.security.DrbgParameters$NextBytes::getPredictionResistance (5 bytes)
Event: 267.442 Thread 0x000002455a671e20 nmethod 10070 0x0000024546e5fe90 code [0x0000024546e60020, 0x0000024546e600f8]
Event: 267.443 Thread 0x000002455a671e20 10071  s    3       java.util.Properties::put (10 bytes)
Event: 267.443 Thread 0x000002455a671e20 nmethod 10071 0x000002453fef1d90 code [0x000002453fef1f40, 0x000002453fef2228]
Event: 267.446 Thread 0x000002455a671e20 10072       3       java.util.concurrent.locks.AbstractQueuedSynchronizer$Node::<init> (5 bytes)
Event: 267.446 Thread 0x000002455a671e20 nmethod 10072 0x000002453fef2310 code [0x000002453fef24a0, 0x000002453fef25f8]
Event: 267.446 Thread 0x000002455a671e20 10073  s    3       java.net.Socket::setSoTimeout (47 bytes)
Event: 267.447 Thread 0x000002455a671e20 nmethod 10073 0x000002453fef2690 code [0x000002453fef28c0, 0x000002453fef3288]
Event: 267.447 Thread 0x000002455a671e20 10074       1       java.net.StandardSocketOptions$StdSocketOption::type (5 bytes)
Event: 267.447 Thread 0x000002455a671e20 nmethod 10074 0x0000024546e60190 code [0x0000024546e60320, 0x0000024546e603f8]
Event: 267.447 Thread 0x000002455a671e20 10075       3       java.util.ResourceBundle::findBundle (322 bytes)
Event: 267.448 Thread 0x00000245a1801a10 10078       4       java.time.Instant::ofEpochSecond (31 bytes)
Event: 267.450 Thread 0x000002455a671e20 nmethod 10075 0x000002453fef3510 code [0x000002453fef3900, 0x000002453fef5dd8]
Event: 267.450 Thread 0x00000245a1801a10 nmethod 10078 0x0000024546e60490 code [0x0000024546e60620, 0x0000024546e60838]
Event: 267.450 Thread 0x000002455a671e20 10076       3       java.util.ResourceBundle$CacheKey::setLocale (7 bytes)
Event: 267.450 Thread 0x000002455a671e20 nmethod 10076 0x000002453fef6890 code [0x000002453fef6a20, 0x000002453fef6b98]
Event: 267.450 Thread 0x000002455a671e20 10077   !   3       java.util.ResourceBundle::findBundleInCache (327 bytes)
Event: 267.453 Thread 0x000002455a671e20 nmethod 10077 0x000002453fef6c10 code [0x000002453fef70a0, 0x000002453fef9998]
Event: 267.462 Thread 0x000002455a671e20 10079       3       com.microsoft.sqlserver.jdbc.ConfigurableRetryLogic::refreshRuleSet (105 bytes)
Event: 267.463 Thread 0x000002455a671e20 nmethod 10079 0x000002453fefa710 code [0x000002453fefaa00, 0x000002453fefb818]

GC Heap History (20 events):
Event: 3.866 GC heap before
{Heap before GC invocations=9 (full 0):
 garbage-first heap   total 61440K, used 21719K [0x0000000702400000, 0x0000000800000000)
  region size 2048K, 3 young (6144K), 2 survivors (4096K)
 Metaspace       used 32483K, committed 33024K, reserved 1114112K
  class space    used 4281K, committed 4544K, reserved 1048576K
}
Event: 3.871 GC heap after
{Heap after GC invocations=10 (full 0):
 garbage-first heap   total 61440K, used 19782K [0x0000000702400000, 0x0000000800000000)
  region size 2048K, 1 young (2048K), 1 survivors (2048K)
 Metaspace       used 32483K, committed 33024K, reserved 1114112K
  class space    used 4281K, committed 4544K, reserved 1048576K
}
Event: 4.381 GC heap before
{Heap before GC invocations=10 (full 0):
 garbage-first heap   total 61440K, used 40262K [0x0000000702400000, 0x0000000800000000)
  region size 2048K, 12 young (24576K), 1 survivors (2048K)
 Metaspace       used 36206K, committed 36736K, reserved 1114112K
  class space    used 4712K, committed 4992K, reserved 1048576K
}
Event: 4.384 GC heap after
{Heap after GC invocations=11 (full 0):
 garbage-first heap   total 161792K, used 21329K [0x0000000702400000, 0x0000000800000000)
  region size 2048K, 2 young (4096K), 2 survivors (4096K)
 Metaspace       used 36206K, committed 36736K, reserved 1114112K
  class space    used 4712K, committed 4992K, reserved 1048576K
}
Event: 5.833 GC heap before
{Heap before GC invocations=11 (full 0):
 garbage-first heap   total 161792K, used 66385K [0x0000000702400000, 0x0000000800000000)
  region size 2048K, 25 young (51200K), 2 survivors (4096K)
 Metaspace       used 47792K, committed 48256K, reserved 1114112K
  class space    used 6344K, committed 6592K, reserved 1048576K
}
Event: 5.844 GC heap after
{Heap after GC invocations=12 (full 0):
 garbage-first heap   total 161792K, used 24592K [0x0000000702400000, 0x0000000800000000)
  region size 2048K, 3 young (6144K), 3 survivors (6144K)
 Metaspace       used 47792K, committed 48256K, reserved 1114112K
  class space    used 6344K, committed 6592K, reserved 1048576K
}
Event: 7.434 GC heap before
{Heap before GC invocations=13 (full 0):
 garbage-first heap   total 96256K, used 75792K [0x0000000702400000, 0x0000000800000000)
  region size 2048K, 28 young (57344K), 3 survivors (6144K)
 Metaspace       used 61058K, committed 61632K, reserved 1114112K
  class space    used 8169K, committed 8448K, reserved 1048576K
}
Event: 7.441 GC heap after
{Heap after GC invocations=14 (full 0):
 garbage-first heap   total 96256K, used 27907K [0x0000000702400000, 0x0000000800000000)
  region size 2048K, 4 young (8192K), 4 survivors (8192K)
 Metaspace       used 61058K, committed 61632K, reserved 1114112K
  class space    used 8169K, committed 8448K, reserved 1048576K
}
Event: 7.489 GC heap before
{Heap before GC invocations=14 (full 0):
 garbage-first heap   total 96256K, used 29955K [0x0000000702400000, 0x0000000800000000)
  region size 2048K, 5 young (10240K), 4 survivors (8192K)
 Metaspace       used 61560K, committed 62144K, reserved 1114112K
  class space    used 8256K, committed 8512K, reserved 1048576K
}
Event: 7.494 GC heap after
{Heap after GC invocations=15 (full 0):
 garbage-first heap   total 96256K, used 28243K [0x0000000702400000, 0x0000000800000000)
  region size 2048K, 1 young (2048K), 1 survivors (2048K)
 Metaspace       used 61560K, committed 62144K, reserved 1114112K
  class space    used 8256K, committed 8512K, reserved 1048576K
}
Event: 8.753 GC heap before
{Heap before GC invocations=15 (full 0):
 garbage-first heap   total 96256K, used 71251K [0x0000000702400000, 0x0000000800000000)
  region size 2048K, 22 young (45056K), 1 survivors (2048K)
 Metaspace       used 68096K, committed 68672K, reserved 1114112K
  class space    used 9218K, committed 9472K, reserved 1048576K
}
Event: 8.756 GC heap after
{Heap after GC invocations=16 (full 0):
 garbage-first heap   total 96256K, used 30042K [0x0000000702400000, 0x0000000800000000)
  region size 2048K, 2 young (4096K), 2 survivors (4096K)
 Metaspace       used 68096K, committed 68672K, reserved 1114112K
  class space    used 9218K, committed 9472K, reserved 1048576K
}
Event: 9.630 GC heap before
{Heap before GC invocations=17 (full 0):
 garbage-first heap   total 96256K, used 73050K [0x0000000702400000, 0x0000000800000000)
  region size 2048K, 23 young (47104K), 2 survivors (4096K)
 Metaspace       used 71623K, committed 72320K, reserved 1114112K
  class space    used 9712K, committed 10048K, reserved 1048576K
}
Event: 9.635 GC heap after
{Heap after GC invocations=18 (full 0):
 garbage-first heap   total 96256K, used 32416K [0x0000000702400000, 0x0000000800000000)
  region size 2048K, 3 young (6144K), 3 survivors (6144K)
 Metaspace       used 71623K, committed 72320K, reserved 1114112K
  class space    used 9712K, committed 10048K, reserved 1048576K
}
Event: 10.838 GC heap before
{Heap before GC invocations=18 (full 0):
 garbage-first heap   total 96256K, used 73376K [0x0000000702400000, 0x0000000800000000)
  region size 2048K, 23 young (47104K), 3 survivors (6144K)
 Metaspace       used 75243K, committed 75904K, reserved 1179648K
  class space    used 10222K, committed 10560K, reserved 1048576K
}
Event: 10.844 GC heap after
{Heap after GC invocations=19 (full 0):
 garbage-first heap   total 96256K, used 35198K [0x0000000702400000, 0x0000000800000000)
  region size 2048K, 3 young (6144K), 3 survivors (6144K)
 Metaspace       used 75243K, committed 75904K, reserved 1179648K
  class space    used 10222K, committed 10560K, reserved 1048576K
}
Event: 17.240 GC heap before
{Heap before GC invocations=19 (full 0):
 garbage-first heap   total 96256K, used 72062K [0x0000000702400000, 0x0000000800000000)
  region size 2048K, 22 young (45056K), 3 survivors (6144K)
 Metaspace       used 82584K, committed 83328K, reserved 1179648K
  class space    used 11216K, committed 11584K, reserved 1048576K
}
Event: 17.248 GC heap after
{Heap after GC invocations=20 (full 0):
 garbage-first heap   total 96256K, used 37558K [0x0000000702400000, 0x0000000800000000)
  region size 2048K, 3 young (6144K), 3 survivors (6144K)
 Metaspace       used 82584K, committed 83328K, reserved 1179648K
  class space    used 11216K, committed 11584K, reserved 1048576K
}
Event: 267.406 GC heap before
{Heap before GC invocations=20 (full 0):
 garbage-first heap   total 96256K, used 76470K [0x0000000702400000, 0x0000000800000000)
  region size 2048K, 22 young (45056K), 3 survivors (6144K)
 Metaspace       used 85362K, committed 86144K, reserved 1179648K
  class space    used 11458K, committed 11840K, reserved 1048576K
}
Event: 267.414 GC heap after
{Heap after GC invocations=21 (full 0):
 garbage-first heap   total 96256K, used 39864K [0x0000000702400000, 0x0000000800000000)
  region size 2048K, 3 young (6144K), 3 survivors (6144K)
 Metaspace       used 85362K, committed 86144K, reserved 1179648K
  class space    used 11458K, committed 11840K, reserved 1048576K
}

Deoptimization events (20 events):
Event: 212.412 Thread 0x00000245a394b280 Uncommon trap: trap_request=0xffffffde fr.pc=0x0000024546e138c8 relative=0x00000000000013e8
Event: 212.412 Thread 0x00000245a394b280 Uncommon trap: reason=class_check action=maybe_recompile pc=0x0000024546e138c8 method=org.springframework.core.MethodParameter.getGenericParameterType()Ljava/lang/reflect/Type; @ 17 c2
Event: 212.412 Thread 0x00000245a394b280 DEOPT PACKING pc=0x0000024546e138c8 sp=0x000000a1929fb0a0
Event: 212.412 Thread 0x00000245a394b280 DEOPT UNPACKING pc=0x00000245463223a3 sp=0x000000a1929fb010 mode 2
Event: 216.366 Thread 0x00000245a394ad70 Uncommon trap: trap_request=0xffffffde fr.pc=0x0000024546e138c8 relative=0x00000000000013e8
Event: 216.366 Thread 0x00000245a394ad70 Uncommon trap: reason=class_check action=maybe_recompile pc=0x0000024546e138c8 method=org.springframework.core.MethodParameter.getGenericParameterType()Ljava/lang/reflect/Type; @ 17 c2
Event: 216.366 Thread 0x00000245a394ad70 DEOPT PACKING pc=0x0000024546e138c8 sp=0x000000a1926fb3f0
Event: 216.366 Thread 0x00000245a394ad70 DEOPT UNPACKING pc=0x00000245463223a3 sp=0x000000a1926fb360 mode 2
Event: 221.923 Thread 0x00000245a3945c70 Uncommon trap: trap_request=0xffffffde fr.pc=0x0000024546e138c8 relative=0x00000000000013e8
Event: 221.923 Thread 0x00000245a3945c70 Uncommon trap: reason=class_check action=maybe_recompile pc=0x0000024546e138c8 method=org.springframework.core.MethodParameter.getGenericParameterType()Ljava/lang/reflect/Type; @ 17 c2
Event: 221.923 Thread 0x00000245a3945c70 DEOPT PACKING pc=0x0000024546e138c8 sp=0x000000a1923fafc0
Event: 221.923 Thread 0x00000245a3945c70 DEOPT UNPACKING pc=0x00000245463223a3 sp=0x000000a1923faf30 mode 2
Event: 267.399 Thread 0x00000245a18677d0 Uncommon trap: trap_request=0xffffff45 fr.pc=0x0000024546e36730 relative=0x0000000000000410
Event: 267.399 Thread 0x00000245a18677d0 Uncommon trap: reason=unstable_if action=reinterpret pc=0x0000024546e36730 method=sun.nio.ch.Util$BufferCache.get(I)Ljava/nio/ByteBuffer; @ 47 c2
Event: 267.399 Thread 0x00000245a18677d0 DEOPT PACKING pc=0x0000024546e36730 sp=0x000000a18f2fe2b0
Event: 267.400 Thread 0x00000245a18677d0 DEOPT UNPACKING pc=0x00000245463223a3 sp=0x000000a18f2fe1f8 mode 2
Event: 267.445 Thread 0x00000245a18672c0 Uncommon trap: trap_request=0xffffff45 fr.pc=0x0000024546aa8f60 relative=0x0000000000000060
Event: 267.445 Thread 0x00000245a18672c0 Uncommon trap: reason=unstable_if action=reinterpret pc=0x0000024546aa8f60 method=java.util.concurrent.ConcurrentHashMap.sumCount()J @ 11 c2
Event: 267.445 Thread 0x00000245a18672c0 DEOPT PACKING pc=0x0000024546aa8f60 sp=0x000000a1915fe560
Event: 267.445 Thread 0x00000245a18672c0 DEOPT UNPACKING pc=0x00000245463223a3 sp=0x000000a1915fe4c0 mode 2

Classes unloaded (0 events):
No events

Classes redefined (0 events):
No events

Internal exceptions (20 events):
Event: 161.905 Thread 0x00000245a394b790 Exception <a 'java/io/FileNotFoundException'{0x0000000706aa2aa8}> (0x0000000706aa2aa8) 
thrown [s\open\src\hotspot\share\prims\jni.cpp, line 516]
Event: 206.436 Thread 0x00000245a39475c0 Exception <a 'java/io/FileNotFoundException'{0x0000000706b16290}> (0x0000000706b16290) 
thrown [s\open\src\hotspot\share\prims\jni.cpp, line 516]
Event: 206.436 Thread 0x00000245a39475c0 Exception <a 'java/io/FileNotFoundException'{0x0000000706b17518}> (0x0000000706b17518) 
thrown [s\open\src\hotspot\share\prims\jni.cpp, line 516]
Event: 236.911 Thread 0x00000245a3946ba0 Exception <a 'java/io/FileNotFoundException'{0x000000070643fca0}> (0x000000070643fca0) 
thrown [s\open\src\hotspot\share\prims\jni.cpp, line 516]
Event: 236.911 Thread 0x00000245a3946ba0 Exception <a 'java/io/FileNotFoundException'{0x0000000705e3f570}> (0x0000000705e3f570) 
thrown [s\open\src\hotspot\share\prims\jni.cpp, line 516]
Event: 267.394 Thread 0x00000245a3948a00 Exception <a 'java/io/FileNotFoundException'{0x0000000705d76400}> (0x0000000705d76400) 
thrown [s\open\src\hotspot\share\prims\jni.cpp, line 516]
Event: 267.394 Thread 0x00000245a3948a00 Exception <a 'java/io/FileNotFoundException'{0x0000000705d783d0}> (0x0000000705d783d0) 
thrown [s\open\src\hotspot\share\prims\jni.cpp, line 516]
Event: 267.396 Thread 0x00000245a18677d0 Exception <a 'java/io/FileNotFoundException'{0x0000000705d9b630}> (0x0000000705d9b630) 
thrown [s\open\src\hotspot\share\prims\jni.cpp, line 516]
Event: 267.397 Thread 0x00000245a18677d0 Exception <a 'java/io/FileNotFoundException'{0x0000000705d9c8f0}> (0x0000000705d9c8f0) 
thrown [s\open\src\hotspot\share\prims\jni.cpp, line 516]
Event: 267.399 Thread 0x00000245a18677d0 Exception <a 'java/lang/reflect/InvocationTargetException'{0x0000000705d9ecb8}> (0x0000000705d9ecb8) 
thrown [s\open\src\hotspot\share\runtime\reflection.cpp, line 1121]
Event: 267.401 Thread 0x00000245a18677d0 Exception <a 'sun/net/ConnectionResetException'{0x0000000705da06e0}: Connection reset> (0x0000000705da06e0) 
thrown [s\open\src\hotspot\share\prims\jni.cpp, line 535]
Event: 267.403 Thread 0x00000245a18677d0 Exception <a 'java/lang/NoSuchMethodError'{0x0000000705daa4f0}: 'long java.lang.invoke.DirectMethodHandle$Holder.invokeStatic(java.lang.Object, long)'> (0x0000000705daa4f0) 
thrown [s\open\src\hotspot\share\interpreter\linkResolver.cpp, line 759]
Event: 267.415 Thread 0x00000245a18677d0 Exception <a 'java/lang/reflect/InvocationTargetException'{0x0000000712025520}> (0x0000000712025520) 
thrown [s\open\src\hotspot\share\runtime\reflection.cpp, line 1121]
Event: 267.417 Thread 0x00000245a18677d0 Exception <a 'sun/net/ConnectionResetException'{0x0000000712026d28}: Connection reset> (0x0000000712026d28) 
thrown [s\open\src\hotspot\share\prims\jni.cpp, line 535]
Event: 267.442 Thread 0x00000245a18677d0 Exception <a 'java/io/FileNotFoundException'{0x000000071202bc60}> (0x000000071202bc60) 
thrown [s\open\src\hotspot\share\prims\jni.cpp, line 516]
Event: 267.443 Thread 0x00000245a18677d0 Exception <a 'java/io/FileNotFoundException'{0x000000071202cf20}> (0x000000071202cf20) 
thrown [s\open\src\hotspot\share\prims\jni.cpp, line 516]
Event: 267.444 Thread 0x00000245a18677d0 Exception <a 'java/lang/reflect/InvocationTargetException'{0x000000071204d840}> (0x000000071204d840) 
thrown [s\open\src\hotspot\share\runtime\reflection.cpp, line 1121]
Event: 267.444 Thread 0x00000245a18677d0 Exception <a 'sun/net/ConnectionResetException'{0x000000071204f048}: Connection reset> (0x000000071204f048) 
thrown [s\open\src\hotspot\share\prims\jni.cpp, line 535]
Event: 267.446 Thread 0x00000245a18677d0 Exception <a 'java/lang/reflect/InvocationTargetException'{0x00000007120520d0}> (0x00000007120520d0) 
thrown [s\open\src\hotspot\share\runtime\reflection.cpp, line 1121]
Event: 267.447 Thread 0x00000245a18677d0 Exception <a 'sun/net/ConnectionResetException'{0x00000007120538d8}: Connection reset> (0x00000007120538d8) 
thrown [s\open\src\hotspot\share\prims\jni.cpp, line 535]

VM Operations (20 events):
Event: 243.249 Executing VM operation: Cleanup
Event: 243.249 Executing VM operation: Cleanup done
Event: 245.259 Executing VM operation: Cleanup
Event: 245.259 Executing VM operation: Cleanup done
Event: 246.272 Executing VM operation: Cleanup
Event: 246.272 Executing VM operation: Cleanup done
Event: 248.277 Executing VM operation: Cleanup
Event: 248.277 Executing VM operation: Cleanup done
Event: 249.292 Executing VM operation: Cleanup
Event: 249.292 Executing VM operation: Cleanup done
Event: 257.354 Executing VM operation: Cleanup
Event: 257.354 Executing VM operation: Cleanup done
Event: 261.118 Executing VM operation: HandshakeAllThreads
Event: 261.118 Executing VM operation: HandshakeAllThreads done
Event: 262.133 Executing VM operation: Cleanup
Event: 262.133 Executing VM operation: Cleanup done
Event: 265.140 Executing VM operation: Cleanup
Event: 265.140 Executing VM operation: Cleanup done
Event: 267.406 Executing VM operation: G1CollectForAllocation
Event: 267.414 Executing VM operation: G1CollectForAllocation done

Events (20 events):
Event: 267.386 loading class sun/security/ssl/Alert done
Event: 267.386 loading class sun/security/ssl/Alert$AlertConsumer
Event: 267.386 loading class sun/security/ssl/Alert$AlertConsumer done
Event: 267.386 loading class sun/security/ssl/Alert$Level
Event: 267.386 loading class sun/security/ssl/Alert$Level done
Event: 267.391 Thread 0x00000245a1864f50 Thread added: 0x00000245a1864f50
Event: 267.395 Thread 0x00000245a18677d0 Thread added: 0x00000245a18677d0
Event: 267.401 loading class sun/net/ConnectionResetException
Event: 267.401 loading class sun/net/ConnectionResetException done
Event: 267.403 loading class java/util/function/LongUnaryOperator
Event: 267.403 loading class java/util/function/LongUnaryOperator done
Event: 267.405 Thread 0x00000245a1866db0 Thread added: 0x00000245a1866db0
Event: 267.405 Thread 0x00000245a18672c0 Thread added: 0x00000245a18672c0
Event: 267.405 Thread 0x00000245a1801a10 Thread added: 0x00000245a1801a10
Event: 267.414 loading class javax/crypto/AEADBadTagException
Event: 267.414 loading class javax/crypto/BadPaddingException
Event: 267.414 loading class javax/crypto/BadPaddingException done
Event: 267.414 loading class javax/crypto/AEADBadTagException done
Event: 267.414 loading class javax/net/ssl/SSLHandshakeException
Event: 267.414 loading class javax/net/ssl/SSLHandshakeException done


Dynamic libraries:
0x00007ff757240000 - 0x00007ff757250000 	C:\Program Files\Java\jdk-17\bin\java.exe
0x00007fffc3450000 - 0x00007fffc3648000 	C:\Windows\SYSTEM32\ntdll.dll
0x00007fffc1c30000 - 0x00007fffc1cf2000 	C:\Windows\System32\KERNEL32.DLL
0x00007fffc0e20000 - 0x00007fffc1116000 	C:\Windows\System32\KERNELBASE.dll
0x00007fffc0ae0000 - 0x00007fffc0be0000 	C:\Windows\System32\ucrtbase.dll
0x00007fffbc950000 - 0x00007fffbc969000 	C:\Program Files\Java\jdk-17\bin\jli.dll
0x00007fffc2a80000 - 0x00007fffc2b31000 	C:\Windows\System32\ADVAPI32.dll
0x00007fffc3170000 - 0x00007fffc320e000 	C:\Windows\System32\msvcrt.dll
0x00007fffc1b90000 - 0x00007fffc1c2f000 	C:\Windows\System32\sechost.dll
0x00007fffc32f0000 - 0x00007fffc3410000 	C:\Windows\System32\RPCRT4.dll
0x00007fffc0d20000 - 0x00007fffc0d47000 	C:\Windows\System32\bcrypt.dll
0x00007fffc2700000 - 0x00007fffc28a1000 	C:\Windows\System32\USER32.dll
0x00007fffc0d50000 - 0x00007fffc0d72000 	C:\Windows\System32\win32u.dll
0x00007fffc2b40000 - 0x00007fffc2b6b000 	C:\Windows\System32\GDI32.dll
0x00007fffc11f0000 - 0x00007fffc1309000 	C:\Windows\System32\gdi32full.dll
0x00007fffc0d80000 - 0x00007fffc0e1d000 	C:\Windows\System32\msvcp_win.dll
0x00007fffbce90000 - 0x00007fffbceab000 	C:\Program Files\Java\jdk-17\bin\VCRUNTIME140.dll
0x00007fffadde0000 - 0x00007fffae07b000 	C:\Windows\WinSxS\amd64_microsoft.windows.common-controls_6595b64144ccf1df_6.0.19041.6456_none_60b8a6cb71f64256\COMCTL32.dll
0x00007fffc0640000 - 0x00007fffc064a000 	C:\Windows\SYSTEM32\VERSION.dll
0x00007fffc32c0000 - 0x00007fffc32ef000 	C:\Windows\System32\IMM32.DLL
0x000000005ec30000 - 0x000000005ec3c000 	C:\Program Files (x86)\360\Total Security\safemon\SafeWrapper.dll
0x00007ffeff940000 - 0x00007ffeff9ec000 	C:\Program Files (x86)\360\Total Security\safemon\libzdtp64.dll
0x00007fffc1dd0000 - 0x00007fffc2540000 	C:\Windows\System32\SHELL32.dll
0x00007fffc1a00000 - 0x00007fffc1a5b000 	C:\Windows\System32\SHLWAPI.dll
0x00007fffbd3c0000 - 0x00007fffbd3cc000 	C:\Program Files\Java\jdk-17\bin\vcruntime140_1.dll
0x00007fff891b0000 - 0x00007fff8923e000 	C:\Program Files\Java\jdk-17\bin\msvcp140.dll
0x00007fff3fcc0000 - 0x00007fff408a0000 	C:\Program Files\Java\jdk-17\bin\server\jvm.dll
0x00007fffc2d20000 - 0x00007fffc2d28000 	C:\Windows\System32\PSAPI.DLL
0x00007fffab4f0000 - 0x00007fffab4f9000 	C:\Windows\SYSTEM32\WSOCK32.dll
0x00007fffc2680000 - 0x00007fffc26eb000 	C:\Windows\System32\WS2_32.dll
0x00007fffb59b0000 - 0x00007fffb59d7000 	C:\Windows\SYSTEM32\WINMM.dll
0x00007fffbf2b0000 - 0x00007fffbf2c2000 	C:\Windows\SYSTEM32\kernel.appcore.dll
0x00007fffbcfc0000 - 0x00007fffbcfca000 	C:\Program Files\Java\jdk-17\bin\jimage.dll
0x00007fffbef60000 - 0x00007fffbf161000 	C:\Windows\SYSTEM32\DBGHELP.DLL
0x00007fffa8e80000 - 0x00007fffa8eb4000 	C:\Windows\SYSTEM32\dbgcore.DLL
0x00007fffc0c90000 - 0x00007fffc0d12000 	C:\Windows\System32\bcryptPrimitives.dll
0x00007fffbce80000 - 0x00007fffbce8e000 	C:\Program Files\Java\jdk-17\bin\instrument.dll
0x00007fffbc870000 - 0x00007fffbc895000 	C:\Program Files\Java\jdk-17\bin\java.dll
0x00007fff890d0000 - 0x00007fff891a7000 	C:\Program Files\Java\jdk-17\bin\jsvml.dll
0x00007fffbe6e0000 - 0x00007fffbee85000 	C:\Windows\SYSTEM32\windows.storage.dll
0x00007fffc2d30000 - 0x00007fffc3084000 	C:\Windows\System32\combase.dll
0x00007fffc04a0000 - 0x00007fffc04cb000 	C:\Windows\SYSTEM32\Wldp.dll
0x00007fffc1ac0000 - 0x00007fffc1b8d000 	C:\Windows\System32\OLEAUT32.dll
0x00007fffc3210000 - 0x00007fffc32bd000 	C:\Windows\System32\SHCORE.dll
0x00007fffc0a10000 - 0x00007fffc0a34000 	C:\Windows\SYSTEM32\profapi.dll
0x00007fffba3b0000 - 0x00007fffba3c8000 	C:\Program Files\Java\jdk-17\bin\zip.dll
0x00007fffbc850000 - 0x00007fffbc869000 	C:\Program Files\Java\jdk-17\bin\net.dll
0x00007fffb9620000 - 0x00007fffb972a000 	C:\Windows\SYSTEM32\WINHTTP.dll
0x00007fffc0200000 - 0x00007fffc026a000 	C:\Windows\system32\mswsock.dll
0x00007fffba3d0000 - 0x00007fffba3e6000 	C:\Program Files\Java\jdk-17\bin\nio.dll
0x00007fffbfed0000 - 0x00007fffbff9a000 	C:\Windows\SYSTEM32\DNSAPI.dll
0x00007fffbfe90000 - 0x00007fffbfecb000 	C:\Windows\SYSTEM32\IPHLPAPI.DLL
0x00007fffc2a70000 - 0x00007fffc2a78000 	C:\Windows\System32\NSI.dll
0x00007fffacfa0000 - 0x00007fffacfaa000 	C:\Windows\System32\rasadhlp.dll
0x00007fffacfe0000 - 0x00007fffad060000 	C:\Windows\System32\fwpuclnt.dll
0x00007fffbc940000 - 0x00007fffbc94a000 	C:\Program Files\Java\jdk-17\bin\management.dll
0x00007fffbc840000 - 0x00007fffbc84b000 	C:\Program Files\Java\jdk-17\bin\management_ext.dll
0x00007fffc03f0000 - 0x00007fffc0408000 	C:\Windows\SYSTEM32\CRYPTSP.dll
0x00007fffbfab0000 - 0x00007fffbfae8000 	C:\Windows\system32\rsaenh.dll
0x00007fffc0990000 - 0x00007fffc09be000 	C:\Windows\SYSTEM32\USERENV.dll
0x00007fffc0410000 - 0x00007fffc041c000 	C:\Windows\SYSTEM32\CRYPTBASE.dll
0x00007fffb8950000 - 0x00007fffb8967000 	C:\Windows\SYSTEM32\dhcpcsvc6.DLL
0x00007fffb8c00000 - 0x00007fffb8c1d000 	C:\Windows\SYSTEM32\dhcpcsvc.DLL
0x00007fff9a550000 - 0x00007fff9a567000 	C:\Windows\system32\napinsp.dll
0x00007fff962d0000 - 0x00007fff962eb000 	C:\Windows\system32\pnrpnsp.dll
0x00007fff962b0000 - 0x00007fff962cd000 	C:\Windows\system32\wshbth.dll
0x00007fffbaa30000 - 0x00007fffbaa4d000 	C:\Windows\system32\NLAapi.dll
0x00007fff93b10000 - 0x00007fff93b22000 	C:\Windows\System32\winrnr.dll
0x00007fffab950000 - 0x00007fffab9a1000 	C:\Windows\SYSTEM32\pdh.dll
0x00007fff9cbc0000 - 0x00007fff9cbcf000 	C:\Windows\System32\perfproc.dll
0x00007fffba3a0000 - 0x00007fffba3ae000 	C:\Program Files\Java\jdk-17\bin\sunmscapi.dll
0x00007fffc1310000 - 0x00007fffc146d000 	C:\Windows\System32\CRYPT32.dll
0x00007fffc0510000 - 0x00007fffc0537000 	C:\Windows\SYSTEM32\ncrypt.dll
0x00007fffc04d0000 - 0x00007fffc050b000 	C:\Windows\SYSTEM32\NTASN1.dll
0x00007fff97bf0000 - 0x00007fff97bf7000 	C:\Windows\system32\wshunix.dll

dbghelp: loaded successfully - version: 4.0.5 - missing functions: none
symbol engine: initialized successfully - sym options: 0x614 - pdb path: .;C:\Program Files\Java\jdk-17\bin;C:\Windows\SYSTEM32;C:\Windows\WinSxS\amd64_microsoft.windows.common-controls_6595b64144ccf1df_6.0.19041.6456_none_60b8a6cb71f64256;C:\Program Files (x86)\360\Total Security\safemon;C:\Program Files\Java\jdk-17\bin\server

VM Arguments:
jvm_args: -javaagent:D:\itelij\IntelliJ IDEA 2024.3.6\lib\idea_rt.jar=59829 -Dfile.encoding=UTF-8 
java_command: com.example.phongvupcbe.PhongVuPcBeApplication
java_class_path (initial): D:\phongvupc\phongvupcbe\target\classes;C:\Users\LaptopTV.vn\.m2\repository\org\springframework\boot\spring-boot-starter-data-jpa\3.5.7\spring-boot-starter-data-jpa-3.5.7.jar;C:\Users\LaptopTV.vn\.m2\repository\org\springframework\boot\spring-boot-starter\3.5.7\spring-boot-starter-3.5.7.jar;C:\Users\LaptopTV.vn\.m2\repository\org\springframework\boot\spring-boot-starter-logging\3.5.7\spring-boot-starter-logging-3.5.7.jar;C:\Users\LaptopTV.vn\.m2\repository\ch\qos\logback\logback-classic\1.5.20\logback-classic-1.5.20.jar;C:\Users\LaptopTV.vn\.m2\repository\ch\qos\logback\logback-core\1.5.20\logback-core-1.5.20.jar;C:\Users\LaptopTV.vn\.m2\repository\org\apache\logging\log4j\log4j-to-slf4j\2.24.3\log4j-to-slf4j-2.24.3.jar;C:\Users\LaptopTV.vn\.m2\repository\org\apache\logging\log4j\log4j-api\2.24.3\log4j-api-2.24.3.jar;C:\Users\LaptopTV.vn\.m2\repository\org\slf4j\jul-to-slf4j\2.0.17\jul-to-slf4j-2.0.17.jar;C:\Users\LaptopTV.vn\.m2\repository\jakarta\annotation\jakarta.annotation-api\2.1.1\jakarta.annotation-api-2.1.1.jar;C:\Users\LaptopTV.vn\.m2\repository\org\yaml\snakeyaml\2.4\snakeyaml-2.4.jar;C:\Users\LaptopTV.vn\.m2\repository\org\springframework\boot\spring-boot-starter-jdbc\3.5.7\spring-boot-starter-jdbc-3.5.7.jar;C:\Users\LaptopTV.vn\.m2\repository\com\zaxxer\HikariCP\6.3.3\HikariCP-6.3.3.jar;C:\Users\LaptopTV.vn\.m2\repository\org\springframework\spring-jdbc\6.2.12\spring-jdbc-6.2.12.jar;C:\Users\LaptopTV.vn\.m2\repository\org\hibernate\orm\hibernate-core\6.6.33.Final\hibernate-core-6.6.33.Final.jar;C:\Users\LaptopTV.vn\.m2\repository\jakarta\persistence\jakarta.persistence-api\3.1.0\jakarta.persistence-api-3.1.0.jar;C:\Users\LaptopTV.vn\.m2\repository\jakarta\transaction\jakarta.transaction-api\2.0.1\jakarta.transaction-api-2.0.1.jar;C:\Users\LaptopTV.vn\.m2\repository\org\jboss\logging\jboss-logging\3.6.1.Final\jboss-logging-3.6.1.Final.jar;C:\Users\LaptopTV.vn\.m2\repository\org\hibernate\common\hibernate-commons-annotations\7
Launcher Type: SUN_STANDARD

[Global flags]
     intx CICompilerCount                          = 4                                         {product} {ergonomic}
     uint ConcGCThreads                            = 2                                         {product} {ergonomic}
     uint G1ConcRefinementThreads                  = 8                                         {product} {ergonomic}
   size_t G1HeapRegionSize                         = 2097152                                   {product} {ergonomic}
    uintx GCDrainStackTargetSize                   = 64                                        {product} {ergonomic}
   size_t InitialHeapSize                          = 266338304                                 {product} {ergonomic}
   size_t MarkStackSize                            = 4194304                                   {product} {ergonomic}
   size_t MaxHeapSize                              = 4257218560                                {product} {ergonomic}
   size_t MaxNewSize                               = 2554331136                                {product} {ergonomic}
   size_t MinHeapDeltaBytes                        = 2097152                                   {product} {ergonomic}
   size_t MinHeapSize                              = 8388608                                   {product} {ergonomic}
    uintx NonNMethodCodeHeapSize                   = 5839372                                {pd product} {ergonomic}
    uintx NonProfiledCodeHeapSize                  = 122909434                              {pd product} {ergonomic}
    uintx ProfiledCodeHeapSize                     = 122909434                              {pd product} {ergonomic}
    uintx ReservedCodeCacheSize                    = 251658240                              {pd product} {ergonomic}
     bool SegmentedCodeCache                       = true                                      {product} {ergonomic}
   size_t SoftMaxHeapSize                          = 4257218560                             {manageable} {ergonomic}
     bool UseCompressedClassPointers               = true                           {product lp64_product} {ergonomic}
     bool UseCompressedOops                        = true                           {product lp64_product} {ergonomic}
     bool UseG1GC                                  = true                                      {product} {ergonomic}
     bool UseLargePagesIndividualAllocation        = false                                  {pd product} {ergonomic}

Logging:
Log output configuration:
 #0: stdout all=warning uptime,level,tags
 #1: stderr all=off uptime,level,tags

Environment Variables:
PATH=C:\Program Files\Microsoft MPI\Bin\;C:\Program Files\Common Files\Oracle\Java\javapath;C:\Program Files (x86)\Common Files\Oracle\Java\javapath;C:\Windows\system32;C:\Windows;C:\Windows\System32\Wbem;C:\Windows\System32\WindowsPowerShell\v1.0\;C:\Windows\System32\OpenSSH\;C:\Program Files (x86)\NVIDIA Corporation\PhysX\Common;C:\Program Files\Microsoft SQL Server\Client SDK\ODBC\170\Tools\Binn\;C:\Program Files\Microsoft SQL Server\Client SDK\ODBC\130\Tools\Binn\;C:\Program Files (x86)\Microsoft SQL Server\160\DTS\Binn\;C:\Program Files (x86)\Microsoft SQL Server\130\Tools\Binn\;C:\Program Files\Microsoft SQL Server\130\Tools\Binn\;C:\Program Files (x86)\Microsoft SQL Server\130\DTS\Binn\;C:\Program Files\Microsoft SQL Server\130\DTS\Binn\;C:\Program Files\apache-maven-3.9.10\bin;C:\Program Files\Cloudflare\Cloudflare WARP\;G:\node\;C:\Program Files\Git\cmd;C:\Users\LaptopTV.vn\AppData\Local\Programs\Python\Python312\Scripts\;C:\Users\LaptopTV.vn\AppData\Local\Programs\Python\Python312\;C:\Users\LaptopTV.vn\AppData\Local\Microsoft\WindowsApps;C:\Program Files\Java\jdk-22\bin;C:\Users\LaptopTV.vn\AppData\Local\Programs\Microsoft VS Code\bin;D:\itellij\IntelliJ IDEA Community Edition 2025.1.3\bin;;C:\Users\LaptopTV.vn\AppData\Roaming\npm;C:\ffmpeg;D:\itelij\IntelliJ IDEA 2024.3.6\bin;
USERNAME=LaptopTV.vn
OS=Windows_NT
PROCESSOR_IDENTIFIER=Intel64 Family 6 Model 94 Stepping 3, GenuineIntel



---------------  S Y S T E M  ---------------

OS:
 Windows 10 , 64 bit Build 19041 (10.0.19041.5915)
OS uptime: 8 days 4:07 hours

CPU: total 8 (initial active 8) (4 cores per cpu, 2 threads per core) family 6 model 94 stepping 3 microcode 0xf0, cx8, cmov, fxsr, ht, mmx, 3dnowpref, sse, sse2, sse3, ssse3, sse4.1, sse4.2, popcnt, lzcnt, tsc, tscinvbit, avx, avx2, aes, erms, clmul, bmi1, bmi2, rtm, adx, fma, vzeroupper, clflush, clflushopt

Memory: 4k page, system-wide physical 16232M (642M free)
TotalPageFile size 25171M (AvailPageFile size 3M)
current process WorkingSet (physical memory assigned to process): 305M, peak: 342M
current process commit charge ("private bytes"): 342M, peak: 417M

vm_info: Java HotSpot(TM) 64-Bit Server VM (17.0.12+8-LTS-286) for windows-amd64 JRE (17.0.12+8-LTS-286), built on Jun  5 2024 06:46:59 by "mach5one" with MS VC++ 17.6 (VS2022)

END.
